<!DOCTYPE html>
<html>
<head>
<meta http-equiv="Content-Type" content="text/html; charset=utf-8"/>
<meta http-equiv="x-ua-compatible" content="IE=edge"/>
<title>Test results - Class TMTests</title>
<link href="../css/base-style.css" rel="stylesheet" type="text/css"/>
<link href="../css/style.css" rel="stylesheet" type="text/css"/>
<script src="../js/report.js" type="text/javascript"></script>
</head>
<body>
<div id="content">
<h1>Class TMTests</h1>
<div class="breadcrumbs">
<a href="../index.html">all</a> &gt; 
<a href="../packages/default-package.html">default-package</a> &gt; TMTests</div>
<div id="summary">
<table>
<tr>
<td>
<div class="summaryGroup">
<table>
<tr>
<td>
<div class="infoBox" id="tests">
<div class="counter">1</div>
<p>tests</p>
</div>
</td>
<td>
<div class="infoBox" id="failures">
<div class="counter">1</div>
<p>failures</p>
</div>
</td>
<td>
<div class="infoBox" id="ignored">
<div class="counter">0</div>
<p>ignored</p>
</div>
</td>
<td>
<div class="infoBox" id="duration">
<div class="counter">0.078s</div>
<p>duration</p>
</div>
</td>
</tr>
</table>
</div>
</td>
<td>
<div class="infoBox failures" id="successRate">
<div class="percent">0%</div>
<p>successful</p>
</div>
</td>
</tr>
</table>
</div>
<div id="tabs">
<ul class="tabLinks">
<li>
<a href="#tab0">Failed tests</a>
</li>
<li>
<a href="#tab1">Tests</a>
</li>
<li>
<a href="#tab2">Standard error</a>
</li>
</ul>
<div id="tab0" class="tab">
<h2>Failed tests</h2>
<div class="test">
<a name="testAdd"></a>
<h3 class="failures">testAdd</h3>
<span class="code">
<pre>java.lang.AssertionError: Exception thrown at position 1:4
class java.lang.IndexOutOfBoundsException: Amount [3invalid for stack size [2]

Parser trace:
    at    1:1   in root
    at    1:1   in choice(fct_definition, fct_call_expr, statement, let_def_state)
    at    1:1   in statement
    at    1:1   in choice(compound_state, while_state, if_state, let_def_state, expr_state, return_state)
    at    1:1   in expr_state
    at    1:1   in sequence(expr, SEMICOL)
    at    1:1   in expr
    at    1:1   in choice(fct_call_expr, entire_binary_expr, entire_unary_expr, compound_expr, value)
    at    1:1   in entire_binary_expr
    at    1:1   in repeat(push(sequence(expr_bis, choice(boolean_binary_expr, number_binary_expr), expr_bis)), 0)
    at    1:1   in push(sequence(expr_bis, choice(boolean_binary_expr, number_binary_expr), expr_bis))

Thrown: java.lang.IndexOutOfBoundsException: Amount [3invalid for stack size [2]
	at norswap.autumn.util.ArrayStack.pop(ArrayStack.java:189)
	at norswap.autumn.SideEffectingArrayStack.lambda$pop$6(SideEffectingArrayStack.java:79)
	at norswap.autumn.SideEffect.apply(SideEffect.java:44)
	at norswap.autumn.Log.apply(Log.java:30)
	at norswap.autumn.SideEffectingArrayStack.pop(SideEffectingArrayStack.java:78)
	at norswap.autumn.SideEffectingArrayStack.popFrom(SideEffectingArrayStack.java:96)
	at norswap.autumn.parsers.Collect.doparse(Collect.java:106)
	at norswap.autumn.Parser.parse(Parser.java:117)
	at norswap.autumn.parsers.Repeat.doparse(Repeat.java:50)
	at norswap.autumn.Parser.parse(Parser.java:117)
	at norswap.autumn.parsers.LazyParser.doparse(LazyParser.java:57)
	at norswap.autumn.Parser.parse(Parser.java:117)
	at norswap.autumn.parsers.Choice.doparse(Choice.java:41)
	at norswap.autumn.Parser.parse(Parser.java:117)
	at norswap.autumn.parsers.LazyParser.doparse(LazyParser.java:57)
	at norswap.autumn.Parser.parse(Parser.java:117)
	at norswap.autumn.parsers.Sequence.doparse(Sequence.java:41)
	at norswap.autumn.Parser.parse(Parser.java:117)
	at norswap.autumn.parsers.LazyParser.doparse(LazyParser.java:57)
	at norswap.autumn.Parser.parse(Parser.java:117)
	at norswap.autumn.parsers.Choice.doparse(Choice.java:41)
	at norswap.autumn.Parser.parse(Parser.java:117)
	at norswap.autumn.parsers.LazyParser.doparse(LazyParser.java:57)
	at norswap.autumn.Parser.parse(Parser.java:117)
	at norswap.autumn.parsers.Choice.doparse(Choice.java:41)
	at norswap.autumn.Parser.parse(Parser.java:117)
	at norswap.autumn.parsers.LazyParser.doparse(LazyParser.java:57)
	at norswap.autumn.Parser.parse(Parser.java:117)
	at norswap.autumn.Parse.run(Parse.java:242)
	at norswap.autumn.Autumn.parse(Autumn.java:52)
	at norswap.autumn.Autumn.parse(Autumn.java:92)
	at norswap.autumn.TestFixture.parse(TestFixture.java:189)
	at norswap.autumn.TestFixture.run(TestFixture.java:208)
	at norswap.autumn.TestFixture.prefixInternal(TestFixture.java:248)
	at norswap.autumn.TestFixture.success(TestFixture.java:367)
	at norswap.autumn.TestFixture.successExpect(TestFixture.java:391)
	at norswap.autumn.TestFixture.successExpect(TestFixture.java:406)
	at TMTests.testAdd(TMTests.java:482)
	at java.base/jdk.internal.reflect.NativeMethodAccessorImpl.invoke0(Native Method)
	at java.base/jdk.internal.reflect.NativeMethodAccessorImpl.invoke(NativeMethodAccessorImpl.java:62)
	at java.base/jdk.internal.reflect.DelegatingMethodAccessorImpl.invoke(DelegatingMethodAccessorImpl.java:43)
	at java.base/java.lang.reflect.Method.invoke(Method.java:566)
	at org.testng.internal.MethodInvocationHelper.invokeMethod(MethodInvocationHelper.java:132)
	at org.testng.internal.TestInvoker.invokeMethod(TestInvoker.java:599)
	at org.testng.internal.TestInvoker.invokeTestMethod(TestInvoker.java:174)
	at org.testng.internal.MethodRunner.runInSequence(MethodRunner.java:46)
	at org.testng.internal.TestInvoker$MethodInvocationAgent.invoke(TestInvoker.java:822)
	at org.testng.internal.TestInvoker.invokeTestMethods(TestInvoker.java:147)
	at org.testng.internal.TestMethodWorker.invokeTestMethods(TestMethodWorker.java:146)
	at org.testng.internal.TestMethodWorker.run(TestMethodWorker.java:128)
	at java.base/java.util.ArrayList.forEach(ArrayList.java:1541)
	at org.testng.TestRunner.privateRun(TestRunner.java:764)
	at org.testng.TestRunner.run(TestRunner.java:585)
	at org.testng.SuiteRunner.runTest(SuiteRunner.java:384)
	at org.testng.SuiteRunner.runSequentially(SuiteRunner.java:378)
	at org.testng.SuiteRunner.privateRun(SuiteRunner.java:337)
	at org.testng.SuiteRunner.run(SuiteRunner.java:286)
	at org.testng.SuiteRunnerWorker.runSuite(SuiteRunnerWorker.java:53)
	at org.testng.SuiteRunnerWorker.run(SuiteRunnerWorker.java:96)
	at org.testng.TestNG.runSuitesSequentially(TestNG.java:1218)
	at org.testng.TestNG.runSuitesLocally(TestNG.java:1140)
	at org.testng.TestNG.runSuites(TestNG.java:1069)
	at org.testng.TestNG.run(TestNG.java:1037)
	at org.gradle.api.internal.tasks.testing.testng.TestNGTestClassProcessor.runTests(TestNGTestClassProcessor.java:141)
	at org.gradle.api.internal.tasks.testing.testng.TestNGTestClassProcessor.stop(TestNGTestClassProcessor.java:90)
	at org.gradle.api.internal.tasks.testing.SuiteTestClassProcessor.stop(SuiteTestClassProcessor.java:61)
	at java.base/jdk.internal.reflect.NativeMethodAccessorImpl.invoke0(Native Method)
	at java.base/jdk.internal.reflect.NativeMethodAccessorImpl.invoke(NativeMethodAccessorImpl.java:62)
	at java.base/jdk.internal.reflect.DelegatingMethodAccessorImpl.invoke(DelegatingMethodAccessorImpl.java:43)
	at java.base/java.lang.reflect.Method.invoke(Method.java:566)
	at org.gradle.internal.dispatch.ReflectionDispatch.dispatch(ReflectionDispatch.java:36)
	at org.gradle.internal.dispatch.ReflectionDispatch.dispatch(ReflectionDispatch.java:24)
	at org.gradle.internal.dispatch.ContextClassLoaderDispatch.dispatch(ContextClassLoaderDispatch.java:33)
	at org.gradle.internal.dispatch.ProxyDispatchAdapter$DispatchingInvocationHandler.invoke(ProxyDispatchAdapter.java:94)
	at com.sun.proxy.$Proxy2.stop(Unknown Source)
	at org.gradle.api.internal.tasks.testing.worker.TestWorker.stop(TestWorker.java:133)
	at java.base/jdk.internal.reflect.NativeMethodAccessorImpl.invoke0(Native Method)
	at java.base/jdk.internal.reflect.NativeMethodAccessorImpl.invoke(NativeMethodAccessorImpl.java:62)
	at java.base/jdk.internal.reflect.DelegatingMethodAccessorImpl.invoke(DelegatingMethodAccessorImpl.java:43)
	at java.base/java.lang.reflect.Method.invoke(Method.java:566)
	at org.gradle.internal.dispatch.ReflectionDispatch.dispatch(ReflectionDispatch.java:36)
	at org.gradle.internal.dispatch.ReflectionDispatch.dispatch(ReflectionDispatch.java:24)
	at org.gradle.internal.remote.internal.hub.MessageHubBackedObjectConnection$DispatchWrapper.dispatch(MessageHubBackedObjectConnection.java:182)
	at org.gradle.internal.remote.internal.hub.MessageHubBackedObjectConnection$DispatchWrapper.dispatch(MessageHubBackedObjectConnection.java:164)
	at org.gradle.internal.remote.internal.hub.MessageHub$Handler.run(MessageHub.java:414)
	at org.gradle.internal.concurrent.ExecutorPolicy$CatchAndRecordFailures.onExecute(ExecutorPolicy.java:64)
	at org.gradle.internal.concurrent.ManagedExecutorImpl$1.run(ManagedExecutorImpl.java:48)
	at java.base/java.util.concurrent.ThreadPoolExecutor.runWorker(ThreadPoolExecutor.java:1128)
	at java.base/java.util.concurrent.ThreadPoolExecutor$Worker.run(ThreadPoolExecutor.java:628)
	at org.gradle.internal.concurrent.ThreadFactoryImpl$ManagedThreadRunnable.run(ThreadFactoryImpl.java:56)
	at java.base/java.lang.Thread.run(Thread.java:834)

------
	at TMTests.testAdd(TMTests.java:482)
</pre>
</span>
</div>
</div>
<div id="tab1" class="tab">
<h2>Tests</h2>
<table>
<thead>
<tr>
<th>Test</th>
<th>Duration</th>
<th>Result</th>
</tr>
</thead>
<tr>
<td class="failures">testAdd</td>
<td class="failures">0.078s</td>
<td class="failures">failed</td>
</tr>
</table>
</div>
<div id="tab2" class="tab">
<h2>Standard error</h2>
<span class="code">
<pre>Parse failed, but value stack is not empty: [1.0, 2.0]
Parse failed, but value stack is not empty: [1.0, 2.0]
</pre>
</span>
</div>
</div>
<div id="footer">
<p>
<div>
<label class="hidden" id="label-for-line-wrapping-toggle" for="line-wrapping-toggle">Wrap lines
<input id="line-wrapping-toggle" type="checkbox" autocomplete="off"/>
</label>
</div>Generated by 
<a href="http://www.gradle.org">Gradle 6.8.3</a> at 12 mars 2021 Ã  14:15:29</p>
</div>
</div>
</body>
</html>
